<?xml version="1.0" encoding="UTF-8"?>
<testng-results ignored="0" total="1" passed="1" failed="0" skipped="0">
  <reporter-output>
  </reporter-output>
  <suite started-at="2023-03-28T12:53:55 IST" name="Default suite" finished-at="2023-03-28T12:53:59 IST" duration-ms="3507">
    <groups>
    </groups>
    <test started-at="2023-03-28T12:53:55 IST" name="Default test" finished-at="2023-03-28T12:53:59 IST" duration-ms="3507">
      <class name="jenkins.newproject_jk.Launch">
        <test-method signature="browserLaunch()[pri:0, instance:jenkins.newproject_jk.Launch@2e385cce]" started-at="2023-03-28T12:53:55 IST" name="browserLaunch" finished-at="2023-03-28T12:53:59 IST" duration-ms="3439" status="PASS">
          <reporter-output>
          </reporter-output>
        </test-method> <!-- browserLaunch -->
      </class> <!-- jenkins.newproject_jk.Launch -->
    </test> <!-- Default test -->
  </suite> <!-- Default suite -->
</testng-results>
